<?xml version="1.0" encoding="UTF-8"?>
<!-- Generated by org.testng.reporters.JUnitReportReporter -->
<testsuite hostname="DESKTOP-52JV5C4" failures="0" tests="2" name="cucumberOptions.TestRunner" time="25.055" errors="1" timestamp="2020-12-16T00:27:17 CET" skipped="0">
  <testcase classname="cucumberOptions.TestRunner" name="runScenario" time="16.122"/>
  <system-out/>
  <testcase classname="cucumberOptions.TestRunner" name="runScenario" time="8.933">
    <error message="Keys to send should be a not null CharSequence" type="java.lang.IllegalArgumentException">
      <![CDATA[java.lang.IllegalArgumentException: Keys to send should be a not null CharSequence
at org.openqa.selenium.remote.RemoteWebElement.sendKeys(RemoteWebElement.java:97)
at stepDefinitions.StepDefinition.user_enters_the_following_username_and_password(StepDefinition.java:54)
at âœ½.User enters the following username and password(file:///C:/Users/Srdjan/eclipse-workspace/mavenjava/src/test/java/features/Login.feature:12)
]]>
    </error>
  </testcase> <!-- runScenario -->
  <system-out/>
</testsuite> <!-- cucumberOptions.TestRunner -->
